2022-08-01 00:35:51,058 DEBUG [main] cache:45 - Couldn't find template in cache for "Extent.ftl"("en_US", UTF-8, parsed); will try to load it.
2022-08-01 00:35:51,070 DEBUG [main] cache:45 - TemplateLoader.findTemplateSource("Extent_en_US.ftl"): Not found
2022-08-01 00:35:51,075 DEBUG [main] cache:45 - TemplateLoader.findTemplateSource("Extent_en.ftl"): Not found
2022-08-01 00:35:51,079 DEBUG [main] cache:45 - TemplateLoader.findTemplateSource("Extent.ftl"): Found
2022-08-01 00:35:51,081 DEBUG [main] cache:45 - Loading template for "Extent.ftl"("en_US", UTF-8, parsed) from "jar:file:/C:/Users/anilc/.m2/repository/com/relevantcodes/extentreports/2.41.2/extentreports-2.41.2.jar!/com/relevantcodes/extentreports/view/Extent.ftl"
2022-08-01 15:37:10,794 DEBUG [main] cache:45 - Couldn't find template in cache for "Extent.ftl"("en_US", UTF-8, parsed); will try to load it.
2022-08-01 15:37:10,796 DEBUG [main] cache:45 - TemplateLoader.findTemplateSource("Extent_en_US.ftl"): Not found
2022-08-01 15:37:10,797 DEBUG [main] cache:45 - TemplateLoader.findTemplateSource("Extent_en.ftl"): Not found
2022-08-01 15:37:10,798 DEBUG [main] cache:45 - TemplateLoader.findTemplateSource("Extent.ftl"): Found
2022-08-01 15:37:10,798 DEBUG [main] cache:45 - Loading template for "Extent.ftl"("en_US", UTF-8, parsed) from "jar:file:/C:/Users/anilc/.m2/repository/com/relevantcodes/extentreports/2.41.2/extentreports-2.41.2.jar!/com/relevantcodes/extentreports/view/Extent.ftl"
2022-08-01 15:42:36,743 DEBUG [main] cache:45 - Couldn't find template in cache for "Extent.ftl"("en_US", UTF-8, parsed); will try to load it.
2022-08-01 15:42:36,745 DEBUG [main] cache:45 - TemplateLoader.findTemplateSource("Extent_en_US.ftl"): Not found
2022-08-01 15:42:36,746 DEBUG [main] cache:45 - TemplateLoader.findTemplateSource("Extent_en.ftl"): Not found
2022-08-01 15:42:36,747 DEBUG [main] cache:45 - TemplateLoader.findTemplateSource("Extent.ftl"): Found
2022-08-01 15:42:36,747 DEBUG [main] cache:45 - Loading template for "Extent.ftl"("en_US", UTF-8, parsed) from "jar:file:/C:/Users/anilc/.m2/repository/com/relevantcodes/extentreports/2.41.2/extentreports-2.41.2.jar!/com/relevantcodes/extentreports/view/Extent.ftl"
2022-08-01 15:46:48,395 DEBUG [main] cache:45 - Couldn't find template in cache for "Extent.ftl"("en_US", UTF-8, parsed); will try to load it.
2022-08-01 15:46:48,398 DEBUG [main] cache:45 - TemplateLoader.findTemplateSource("Extent_en_US.ftl"): Not found
2022-08-01 15:46:48,399 DEBUG [main] cache:45 - TemplateLoader.findTemplateSource("Extent_en.ftl"): Not found
2022-08-01 15:46:48,400 DEBUG [main] cache:45 - TemplateLoader.findTemplateSource("Extent.ftl"): Found
2022-08-01 15:46:48,400 DEBUG [main] cache:45 - Loading template for "Extent.ftl"("en_US", UTF-8, parsed) from "jar:file:/C:/Users/anilc/.m2/repository/com/relevantcodes/extentreports/2.41.2/extentreports-2.41.2.jar!/com/relevantcodes/extentreports/view/Extent.ftl"
2022-08-01 16:15:06,065 DEBUG [main] cache:45 - Couldn't find template in cache for "Extent.ftl"("en_US", UTF-8, parsed); will try to load it.
2022-08-01 16:15:06,068 DEBUG [main] cache:45 - TemplateLoader.findTemplateSource("Extent_en_US.ftl"): Not found
2022-08-01 16:15:06,069 DEBUG [main] cache:45 - TemplateLoader.findTemplateSource("Extent_en.ftl"): Not found
2022-08-01 16:15:06,070 DEBUG [main] cache:45 - TemplateLoader.findTemplateSource("Extent.ftl"): Found
2022-08-01 16:15:06,071 DEBUG [main] cache:45 - Loading template for "Extent.ftl"("en_US", UTF-8, parsed) from "jar:file:/C:/Users/anilc/.m2/repository/com/relevantcodes/extentreports/2.41.2/extentreports-2.41.2.jar!/com/relevantcodes/extentreports/view/Extent.ftl"
2022-08-01 16:16:56,149 DEBUG [main] cache:45 - Couldn't find template in cache for "Extent.ftl"("en_US", UTF-8, parsed); will try to load it.
2022-08-01 16:16:56,154 DEBUG [main] cache:45 - TemplateLoader.findTemplateSource("Extent_en_US.ftl"): Not found
2022-08-01 16:16:56,155 DEBUG [main] cache:45 - TemplateLoader.findTemplateSource("Extent_en.ftl"): Not found
2022-08-01 16:16:56,158 DEBUG [main] cache:45 - TemplateLoader.findTemplateSource("Extent.ftl"): Found
2022-08-01 16:16:56,159 DEBUG [main] cache:45 - Loading template for "Extent.ftl"("en_US", UTF-8, parsed) from "jar:file:/C:/Users/anilc/.m2/repository/com/relevantcodes/extentreports/2.41.2/extentreports-2.41.2.jar!/com/relevantcodes/extentreports/view/Extent.ftl"
2022-08-01 16:21:35,462 DEBUG [main] cache:45 - Couldn't find template in cache for "Extent.ftl"("en_US", UTF-8, parsed); will try to load it.
2022-08-01 16:21:35,466 DEBUG [main] cache:45 - TemplateLoader.findTemplateSource("Extent_en_US.ftl"): Not found
2022-08-01 16:21:35,468 DEBUG [main] cache:45 - TemplateLoader.findTemplateSource("Extent_en.ftl"): Not found
2022-08-01 16:21:35,469 DEBUG [main] cache:45 - TemplateLoader.findTemplateSource("Extent.ftl"): Found
2022-08-01 16:21:35,469 DEBUG [main] cache:45 - Loading template for "Extent.ftl"("en_US", UTF-8, parsed) from "jar:file:/C:/Users/anilc/.m2/repository/com/relevantcodes/extentreports/2.41.2/extentreports-2.41.2.jar!/com/relevantcodes/extentreports/view/Extent.ftl"
2022-08-01 16:22:23,861 DEBUG [main] cache:45 - Couldn't find template in cache for "Extent.ftl"("en_US", UTF-8, parsed); will try to load it.
2022-08-01 16:22:23,867 DEBUG [main] cache:45 - TemplateLoader.findTemplateSource("Extent_en_US.ftl"): Not found
2022-08-01 16:22:23,868 DEBUG [main] cache:45 - TemplateLoader.findTemplateSource("Extent_en.ftl"): Not found
2022-08-01 16:22:23,868 DEBUG [main] cache:45 - TemplateLoader.findTemplateSource("Extent.ftl"): Found
2022-08-01 16:22:23,869 DEBUG [main] cache:45 - Loading template for "Extent.ftl"("en_US", UTF-8, parsed) from "jar:file:/C:/Users/anilc/.m2/repository/com/relevantcodes/extentreports/2.41.2/extentreports-2.41.2.jar!/com/relevantcodes/extentreports/view/Extent.ftl"
